<?xml version="1.0" encoding="UTF-8"?>
<testng-results ignored="0" total="2" passed="1" failed="1" skipped="0">
  <reporter-output>
  </reporter-output>
  <suite started-at="2024-04-27T11:46:09 IST" name="Surefire suite" finished-at="2024-04-27T11:46:40 IST" duration-ms="30912">
    <groups>
    </groups>
    <test started-at="2024-04-27T11:46:09 IST" name="Surefire test" finished-at="2024-04-27T11:46:40 IST" duration-ms="30912">
      <class name="com.example.AppTest">
        <test-method is-config="true" signature="setup()[pri:0, instance:com.example.AppTest@60dcc9fe]" started-at="2024-04-27T11:46:09 IST" name="setup" finished-at="2024-04-27T11:46:19 IST" duration-ms="9616" status="PASS">
          <reporter-output>
          </reporter-output>
        </test-method> <!-- setup -->
        <test-method signature="testCase1()[pri:1, instance:com.example.AppTest@60dcc9fe]" started-at="2024-04-27T11:46:19 IST" name="testCase1" finished-at="2024-04-27T11:46:37 IST" duration-ms="18002" status="PASS">
          <reporter-output>
          </reporter-output>
        </test-method> <!-- testCase1 -->
        <test-method is-config="true" signature="navigate()[pri:0, instance:com.example.AppTest@60dcc9fe]" started-at="2024-04-27T11:46:37 IST" name="navigate" finished-at="2024-04-27T11:46:39 IST" duration-ms="2053" status="PASS">
          <reporter-output>
          </reporter-output>
        </test-method> <!-- navigate -->
        <test-method signature="testCase2()[pri:2, instance:com.example.AppTest@60dcc9fe]" started-at="2024-04-27T11:46:39 IST" name="testCase2" finished-at="2024-04-27T11:46:39 IST" duration-ms="104" status="FAIL">
          <exception class="java.io.FileNotFoundException">
            <message>
              <![CDATA[C:\Users\91701\Downloads\input for websites.xlsx (The system cannot find the path specified)]]>
            </message>
            <full-stacktrace>
              <![CDATA[java.io.FileNotFoundException: C:\Users\91701\Downloads\input for websites.xlsx (The system cannot find the path specified)
at java.base/java.io.FileInputStream.open0(Native Method)
at java.base/java.io.FileInputStream.open(FileInputStream.java:216)
at java.base/java.io.FileInputStream.<init>(FileInputStream.java:157)
at java.base/java.io.FileInputStream.<init>(FileInputStream.java:111)
at com.example.AppTest.testCase2(AppTest.java:56)
at java.base/jdk.internal.reflect.NativeMethodAccessorImpl.invoke0(Native Method)
at java.base/jdk.internal.reflect.NativeMethodAccessorImpl.invoke(NativeMethodAccessorImpl.java:77)
at java.base/jdk.internal.reflect.DelegatingMethodAccessorImpl.invoke(DelegatingMethodAccessorImpl.java:43)
at java.base/java.lang.reflect.Method.invoke(Method.java:568)
at org.testng.internal.invokers.MethodInvocationHelper.invokeMethod(MethodInvocationHelper.java:139)
at org.testng.internal.invokers.TestInvoker.invokeMethod(TestInvoker.java:664)
at org.testng.internal.invokers.TestInvoker.invokeTestMethod(TestInvoker.java:228)
at org.testng.internal.invokers.MethodRunner.runInSequence(MethodRunner.java:63)
at org.testng.internal.invokers.TestInvoker$MethodInvocationAgent.invoke(TestInvoker.java:961)
at org.testng.internal.invokers.TestInvoker.invokeTestMethods(TestInvoker.java:201)
at org.testng.internal.invokers.TestMethodWorker.invokeTestMethods(TestMethodWorker.java:148)
at org.testng.internal.invokers.TestMethodWorker.run(TestMethodWorker.java:128)
at java.base/java.util.ArrayList.forEach(ArrayList.java:1511)
at org.testng.TestRunner.privateRun(TestRunner.java:819)
at org.testng.TestRunner.run(TestRunner.java:619)
at org.testng.SuiteRunner.runTest(SuiteRunner.java:443)
at org.testng.SuiteRunner.runSequentially(SuiteRunner.java:437)
at org.testng.SuiteRunner.privateRun(SuiteRunner.java:397)
at org.testng.SuiteRunner.run(SuiteRunner.java:336)
at org.testng.SuiteRunnerWorker.runSuite(SuiteRunnerWorker.java:52)
at org.testng.SuiteRunnerWorker.run(SuiteRunnerWorker.java:95)
at org.testng.TestNG.runSuitesSequentially(TestNG.java:1301)
at org.testng.TestNG.runSuitesLocally(TestNG.java:1228)
at org.testng.TestNG.runSuites(TestNG.java:1134)
at org.testng.TestNG.run(TestNG.java:1101)
at org.apache.maven.surefire.testng.TestNGExecutor.run(TestNGExecutor.java:135)
at org.apache.maven.surefire.testng.TestNGDirectoryTestSuite.executeSingleClass(TestNGDirectoryTestSuite.java:112)
at org.apache.maven.surefire.testng.TestNGDirectoryTestSuite.execute(TestNGDirectoryTestSuite.java:99)
at org.apache.maven.surefire.testng.TestNGProvider.invoke(TestNGProvider.java:146)
at org.apache.maven.surefire.booter.ForkedBooter.invokeProviderInSameClassLoader(ForkedBooter.java:384)
at org.apache.maven.surefire.booter.ForkedBooter.runSuitesInProcess(ForkedBooter.java:345)
at org.apache.maven.surefire.booter.ForkedBooter.execute(ForkedBooter.java:126)
at org.apache.maven.surefire.booter.ForkedBooter.main(ForkedBooter.java:418)
]]>
            </full-stacktrace>
          </exception> <!-- java.io.FileNotFoundException -->
          <reporter-output>
          </reporter-output>
        </test-method> <!-- testCase2 -->
        <test-method is-config="true" signature="navigate()[pri:0, instance:com.example.AppTest@60dcc9fe]" started-at="2024-04-27T11:46:39 IST" name="navigate" finished-at="2024-04-27T11:46:40 IST" duration-ms="712" status="PASS">
          <reporter-output>
          </reporter-output>
        </test-method> <!-- navigate -->
        <test-method is-config="true" signature="driverQuit()[pri:0, instance:com.example.AppTest@60dcc9fe]" started-at="2024-04-27T11:46:40 IST" name="driverQuit" finished-at="2024-04-27T11:46:40 IST" duration-ms="378" status="PASS">
          <reporter-output>
          </reporter-output>
        </test-method> <!-- driverQuit -->
      </class> <!-- com.example.AppTest -->
    </test> <!-- Surefire test -->
  </suite> <!-- Surefire suite -->
</testng-results>
