-------------------------------------------------------------------------------
Test set: com.example.AppTest
-------------------------------------------------------------------------------
Tests run: 1, Failures: 1, Errors: 0, Skipped: 0, Time elapsed: 4.147 s <<< FAILURE! - in com.example.AppTest
test1(com.example.AppTest)  Time elapsed: 4.062 s  <<< FAILURE!
java.lang.RuntimeException: java.io.FileNotFoundException: D:\Excel data\opentable.xlsx (The system cannot find the path specified)
	at com.example.AppTest.dp(AppTest.java:81)

