<?xml version="1.0" encoding="UTF-8"?>
<!-- Generated by org.testng.reporters.JUnitXMLReporter -->
<testsuite ignored="0" hostname="Tharunika" failures="1" tests="2" name="Surefire test" time="30.912" errors="0" timestamp="2024-04-27T11:46:40 IST">
  <testcase classname="com.example.AppTest" name="testCase1" time="18.002"/>
  <testcase classname="com.example.AppTest" name="testCase2" time="0.104">
    <failure type="java.io.FileNotFoundException" message="C:\Users\91701\Downloads\input for websites.xlsx (The system cannot find the path specified)">
      <![CDATA[java.io.FileNotFoundException: C:\Users\91701\Downloads\input for websites.xlsx (The system cannot find the path specified)
at java.base/java.io.FileInputStream.open0(Native Method)
at java.base/java.io.FileInputStream.open(FileInputStream.java:216)
at java.base/java.io.FileInputStream.<init>(FileInputStream.java:157)
at java.base/java.io.FileInputStream.<init>(FileInputStream.java:111)
at com.example.AppTest.testCase2(AppTest.java:56)
at java.base/java.util.ArrayList.forEach(ArrayList.java:1511)
... Removed 32 stack frames]]>
    </failure>
  </testcase> <!-- testCase2 -->
</testsuite> <!-- Surefire test -->
